Build started 11/6/2014 2:08:07 PM.
     1>Project "C:\Cocos\templates\cocos2d-x-3.3rc0\cpp-template-default\proj.win32\HelloCpp.vcxproj" on node 2 (Rebuild target(s)).
     1>ClCompile:
         C:\Program Files (x86)\Microsoft Visual Studio 11.0\VC\bin\CL.exe /c /I"C:\Cocos\frameworks\cocos2d-x\cocos\audio\include" /I"C:\Cocos\frameworks\cocos2d-x\external" /I"C:\Cocos\frameworks\cocos2d-x\external\chipmunk\include\chipmunk" /I"C:\Cocos\frameworks\cocos2d-x\extensions" /I..\Classes /I.. /I"C:\Cocos\frameworks\cocos2d-x\cocos\2d\..\..\cocos\editor-support" /I"C:\Cocos\frameworks\cocos2d-x\cocos\2d\..\..\cocos" /I"C:\Cocos\frameworks\cocos2d-x\cocos\2d\..\..\cocos\platform" /I"C:\Cocos\frameworks\cocos2d-x\cocos\2d\..\..\cocos\platform\desktop" /I"C:\Cocos\frameworks\cocos2d-x\cocos\2d\..\..\external\glfw3\include\win32" /I"C:\Cocos\frameworks\cocos2d-x\cocos\2d\..\..\external\win32-specific\gles\include\OGLES" /ZI /nologo /W3 /WX- /MP /Od /Oy- /D WIN32 /D _WINDOWS /D _USE_MATH_DEFINES /D GL_GLEXT_PROTOTYPES /D CC_ENABLE_CHIPMUNK_INTEGRATION=1 /D COCOS2D_DEBUG=1 /D _CRT_SECURE_NO_WARNINGS /D _SCL_SECURE_NO_WARNINGS /D _VARIADIC_MAX=10 /D _UNICODE /D UNICODE /Gm- /EHsc /RTC1 /MD /GS /fp:precise /Zc:wchar_t /Zc:forScope /Fo"Debug.win32\\" /Fd"Debug.win32\vc110.pdb" /Gd /TP /wd4267 /wd4251 /wd4244 /analyze- /errorReport:prompt ..\Classes\AppDelegate.cpp ..\Classes\HelloWorldScene.cpp main.cpp
         AppDelegate.cpp
         HelloWorldScene.cpp
         main.cpp
       ResourceCompile:
         C:\Program Files (x86)\Windows Kits\8.0\bin\x86\rc.exe /D _UNICODE /D UNICODE /l"0x0409" /nologo /fo"Debug.win32\game.res" game.rc 
       PreLinkEvent:
         if not exist "C:\Cocos\templates\cocos2d-x-3.3rc0\cpp-template-default\proj.win32\Debug.win32\" mkdir "C:\Cocos\templates\cocos2d-x-3.3rc0\cpp-template-default\proj.win32\Debug.win32\"
         xcopy /Y /Q "C:\Cocos\frameworks\cocos2d-x\prebuilt\win32\*.*" "C:\Cocos\templates\cocos2d-x-3.3rc0\cpp-template-default\proj.win32\Debug.win32\"
         
         :VCEnd
         41 File(s) copied
       Link:
         C:\Program Files (x86)\Microsoft Visual Studio 11.0\VC\bin\link.exe /ERRORREPORT:PROMPT /OUT:"C:\Cocos\templates\cocos2d-x-3.3rc0\cpp-template-default\proj.win32\Debug.win32\HelloCpp.exe" /INCREMENTAL /NOLOGO /LIBPATH:"C:\Cocos\templates\cocos2d-x-3.3rc0\cpp-template-default\proj.win32\Debug.win32\\" /LIBPATH:"C:\Cocos\templates\cocos2d-x-3.3rc0\cpp-template-default\proj.win32\Debug.win32\\" opengl32.lib glew32.lib libzlib.lib libpng.lib libjpeg.lib libtiff.lib libwebp.lib libiconv.lib glfw3.lib freetype250.lib winmm.lib ws2_32.lib libchipmunk.lib kernel32.lib user32.lib gdi32.lib winspool.lib comdlg32.lib advapi32.lib shell32.lib ole32.lib oleaut32.lib uuid.lib odbc32.lib odbccp32.lib /MANIFEST /MANIFESTUAC:"level='asInvoker' uiAccess='false'" /manifest:embed /DEBUG /PDB:"C:\Cocos\templates\cocos2d-x-3.3rc0\cpp-template-default\proj.win32\Debug.win32\HelloCpp.pdb" /SUBSYSTEM:WINDOWS /TLBID:1 /DYNAMICBASE /NXCOMPAT /IMPLIB:"C:\Cocos\templates\cocos2d-x-3.3rc0\cpp-template-default\proj.win32\Debug.win32\HelloCpp.lib" /MACHINE:X86 /SAFESEH Debug.win32\game.res
         Debug.win32\AppDelegate.obj
         Debug.win32\HelloWorldScene.obj
         Debug.win32\main.obj
     1>AppDelegate.obj : warning LNK4075: ignoring '/EDITANDCONTINUE' due to '/SAFESEH' specification
            Creating library C:\Cocos\templates\cocos2d-x-3.3rc0\cpp-template-default\proj.win32\Debug.win32\HelloCpp.lib and object C:\Cocos\templates\cocos2d-x-3.3rc0\cpp-template-default\proj.win32\Debug.win32\HelloCpp.exp
         HelloCpp.vcxproj -> C:\Cocos\templates\cocos2d-x-3.3rc0\cpp-template-default\proj.win32\Debug.win32\HelloCpp.exe
     1>Done Building Project "C:\Cocos\templates\cocos2d-x-3.3rc0\cpp-template-default\proj.win32\HelloCpp.vcxproj" (Rebuild target(s)).

Build succeeded.

Time Elapsed 00:00:22.43
